{"name": "test_enterDataForm", "status": "failed", "statusDetails": {"message": "AssertionError", "trace": "self = <AppiumFrameWork.pages.ContactUsFormPage.ContactForm object at 0x7fcd22889220>, text = 'Python'\nlocatorValue = 'com.code2lead.kwad:id/Et2', locatorType = 'id'\n\n    def sendText(self, text, locatorValue, locatorType=\"id\"):\n        element = None\n        try:\n            locatorType = locatorType.lower()\n>           element = self.waitForElement(locatorValue, locatorType)\n\n../base/BasePage.py:65: \n_ _ _ _ _ _ _ _ _ _ _ _ _ _ _ _ _ _ _ _ _ _ _ _ _ _ _ _ _ _ _ _ _ _ _ _ _ _ _ _ _ _ _ _ _ _ _ _ _ _ _ _ _ _ _ _ _ _\n\nself = <AppiumFrameWork.pages.ContactUsFormPage.ContactForm object at 0x7fcd22889220>\nlocatorValue = 'com.code2lead.kwad:id/Et2', locatorType = 'id'\n\n    def waitForElement(self, locatorValue, locatorType):\n        locatorType = locatorType.lower()\n        element = None\n        wait = WebDriverWait(self.driver, 10, poll_frequency=1, ignored_exceptions=[\n            ElementNotVisibleException,\n            ElementNotSelectableException,\n            NoSuchElementException])\n    \n        if locatorType == \"id\":\n>           element = wait.until(lambda x: x.find_element_by_id(locatorValue))\n\n../base/BasePage.py:24: \n_ _ _ _ _ _ _ _ _ _ _ _ _ _ _ _ _ _ _ _ _ _ _ _ _ _ _ _ _ _ _ _ _ _ _ _ _ _ _ _ _ _ _ _ _ _ _ _ _ _ _ _ _ _ _ _ _ _\n\nself = <selenium.webdriver.support.wait.WebDriverWait (session=\"7a1cdd98-eeec-4777-a96c-0bf97bc2118f\")>\nmethod = <function BasePage.waitForElement.<locals>.<lambda> at 0x7fcd2282ddc0>, message = ''\n\n    def until(self, method, message=''):\n        \"\"\"Calls the method provided with the driver as an argument until the \\\n        return value is not False.\"\"\"\n        screen = None\n        stacktrace = None\n    \n        end_time = time.time() + self._timeout\n        while True:\n            try:\n                value = method(self._driver)\n                if value:\n                    return value\n            except self._ignored_exceptions as exc:\n                screen = getattr(exc, 'screen', None)\n                stacktrace = getattr(exc, 'stacktrace', None)\n            time.sleep(self._poll)\n            if time.time() > end_time:\n                break\n>       raise TimeoutException(message, screen, stacktrace)\nE       selenium.common.exceptions.TimeoutException: Message:\n\n../../venv/lib/python3.8/site-packages/selenium/webdriver/support/wait.py:80: TimeoutException\n\nDuring handling of the above exception, another exception occurred:\n\nself = <AppiumFrameWork.tests.ContactUsForm_test.ContactFormTest testMethod=test_enterDataForm>\n\n    @pytest.mark.run(order=2)\n    def test_enterDataForm(self):\n>       self.cf.enterName()\n\nContactUsForm_test.py:21: \n_ _ _ _ _ _ _ _ _ _ _ _ _ _ _ _ _ _ _ _ _ _ _ _ _ _ _ _ _ _ _ _ _ _ _ _ _ _ _ _ _ _ _ _ _ _ _ _ _ _ _ _ _ _ _ _ _ _\n../pages/ContactUsFormPage.py:29: in enterName\n    self.sendText(\"Python\", self._enterName, \"id\")\n_ _ _ _ _ _ _ _ _ _ _ _ _ _ _ _ _ _ _ _ _ _ _ _ _ _ _ _ _ _ _ _ _ _ _ _ _ _ _ _ _ _ _ _ _ _ _ _ _ _ _ _ _ _ _ _ _ _\n\nself = <AppiumFrameWork.pages.ContactUsFormPage.ContactForm object at 0x7fcd22889220>, text = 'Python'\nlocatorValue = 'com.code2lead.kwad:id/Et2', locatorType = 'id'\n\n    def sendText(self, text, locatorValue, locatorType=\"id\"):\n        element = None\n        try:\n            locatorType = locatorType.lower()\n            element = self.waitForElement(locatorValue, locatorType)\n            element.send_keys(text)\n            self.log.info(f\"Send text on element with LocatorType: '{locatorType}' and locatorValue: '{locatorValue}'\")\n        except:\n            self.log.info(f\"Unable to send text on element with LocatorType: '{locatorType}' and locatorValue: '{locatorValue}'\")\n            self.takeScreenShot(locatorType)\n>           assert False\nE           AssertionError\n\n../base/BasePage.py:71: AssertionError"}, "attachments": [{"name": "id", "source": "c3c2930f-d321-467d-b4bc-9aa6b5c65572-attachment.png", "type": "image/png"}, {"name": "log", "source": "6d7fdc25-69c1-48b5-bcb3-6f13969d733b-attachment.txt", "type": "text/plain"}], "start": 1623197792099, "stop": 1623197803711, "uuid": "c418f327-525a-407e-90f6-1c701bbeacd0", "historyId": "adca10c2a19600d3fbc47d7703e5f881", "testCaseId": "34061b5c0a144abdd27c8fad8035abd0", "fullName": "ContactUsForm_test.ContactFormTest#test_enterDataForm", "labels": [{"name": "tag", "value": "run(order=2)"}, {"name": "tag", "value": "@pytest.mark.usefixtures('beforeClass', 'beforeMethod')"}, {"name": "suite", "value": "ContactUsForm_test"}, {"name": "subSuite", "value": "ContactFormTest"}, {"name": "host", "value": "vadim-asus"}, {"name": "thread", "value": "87498-MainThread"}, {"name": "framework", "value": "pytest"}, {"name": "language", "value": "cpython3"}, {"name": "package", "value": "ContactUsForm_test"}]}